[2023-03-29 00:43:58] [ INFO ] [OdontologoService:22] Guardando Odontologo.
[2023-03-29 00:43:58] [ INFO ] [OdontologoService:24] Odontologo guardado con éxito
[2023-03-29 00:44:07] [ INFO ] [OdontologoService:22] Guardando Odontologo.
[2023-03-29 00:44:07] [ INFO ] [OdontologoService:24] Odontologo guardado con éxito
[2023-03-29 00:44:10] [ INFO ] [OdontologoService:22] Guardando Odontologo.
[2023-03-29 00:44:10] [ INFO ] [OdontologoService:24] Odontologo guardado con éxito
[2023-03-29 00:44:14] [ INFO ] [OdontologoService:22] Guardando Odontologo.
[2023-03-29 00:44:14] [ INFO ] [OdontologoService:24] Odontologo guardado con éxito
[2023-03-29 00:44:42] [ INFO ] [OdontologoService:22] Guardando Odontologo.
[2023-03-29 00:44:42] [ INFO ] [OdontologoService:24] Odontologo guardado con éxito
[2023-03-29 00:53:43] [ INFO ] [OdontologoService:37] Eliminado Odontologo ID 17
[2023-03-29 00:53:43] [ INFO ] [OdontologoService:39] Odontologo ID 17eliminado con éxito
[2023-03-29 00:54:15] [ INFO ] [OdontologoService:37] Eliminado Odontologo ID 18
[2023-03-29 00:54:15] [ INFO ] [OdontologoService:39] Odontologo ID 18 eliminado con éxito
[2023-03-29 00:55:14] [ INFO ] [OdontologoService:22] Guardando Odontologo.
[2023-03-29 00:55:14] [ INFO ] [OdontologoService:24] Odontologo guardado con éxito
[2023-03-29 00:55:44] [ INFO ] [OdontologoService:23] Guardando Odontologo.
[2023-03-29 00:55:44] [ INFO ] [OdontologoService:25] Odontologo guardado con éxitoOdontologo(id=53, nombre=Oscar, apellido=Gomez, matricula=4, turnos=[])
[2023-03-29 01:35:35] [ INFO ] [OdontologoService:22] Guardando Odontologo.
[2023-03-29 01:35:35] [ INFO ] [OdontologoService:24] Odontologo guardado con éxito Odontologo(id=54, nombre=Oscar, apellido=Gomez, matricula=4, turnos=[])
[2023-03-29 01:35:39] [ INFO ] [OdontologoService:38] Eliminado Odontologo ID 54
[2023-03-29 01:35:39] [ INFO ] [OdontologoService:40] Odontologo ID 54 eliminado con éxito.
[2023-03-29 02:30:47] [ INFO ] [OdontologoService:47] Odontologo ID 19 eliminado con éxito.
[2023-03-29 02:31:31] [ INFO ] [OdontologoService:47] Odontologo ID 19 actualizado con éxito.
[2023-03-29 03:30:25] [ INFO ] [OdontologoService:37] Odontologo ID 19 eliminado con éxito.
[2023-03-29 03:34:04] [ ERROR] [PacienteService:36] No se pudo eliminar el Paciente ID 2
[2023-03-29 04:48:18] [ INFO ] [OdontologoService:37] Odontologo ID 53 eliminado con éxito.
[2023-03-29 04:48:19] [ INFO ] [OdontologoService:37] Odontologo ID 52 eliminado con éxito.
[2023-03-29 04:48:19] [ INFO ] [OdontologoService:37] Odontologo ID 51 eliminado con éxito.
[2023-03-29 04:48:20] [ INFO ] [OdontologoService:37] Odontologo ID 49 eliminado con éxito.
[2023-03-29 04:48:20] [ INFO ] [OdontologoService:37] Odontologo ID 48 eliminado con éxito.
[2023-03-29 04:48:20] [ INFO ] [OdontologoService:37] Odontologo ID 47 eliminado con éxito.
[2023-03-29 04:48:20] [ INFO ] [OdontologoService:37] Odontologo ID 44 eliminado con éxito.
[2023-03-29 04:48:20] [ INFO ] [OdontologoService:37] Odontologo ID 43 eliminado con éxito.
[2023-03-29 04:48:21] [ INFO ] [OdontologoService:37] Odontologo ID 42 eliminado con éxito.
[2023-03-29 04:48:21] [ INFO ] [OdontologoService:37] Odontologo ID 41 eliminado con éxito.
[2023-03-29 04:55:56] [ INFO ] [OdontologoService:21] Guardando Odontologo.
[2023-03-29 04:55:57] [ INFO ] [OdontologoService:23] Odontologo guardado con éxito Odontologo(id=55, nombre=PROBANDO, apellido=SI, matricula=1412412, turnos=[])
[2023-03-29 04:57:22] [ INFO ] [OdontologoService:21] Guardando Odontologo.
[2023-03-29 04:57:22] [ INFO ] [OdontologoService:23] Odontologo guardado con éxito Odontologo(id=56, nombre=PROBANDO, apellido=SI, matricula=1412412, turnos=[])
[2023-03-29 04:57:24] [ INFO ] [OdontologoService:21] Guardando Odontologo.
[2023-03-29 04:57:24] [ INFO ] [OdontologoService:23] Odontologo guardado con éxito Odontologo(id=57, nombre=PROBANDO, apellido=SI, matricula=1412412, turnos=[])
[2023-03-29 04:57:27] [ INFO ] [OdontologoService:21] Guardando Odontologo.
[2023-03-29 04:57:27] [ INFO ] [OdontologoService:23] Odontologo guardado con éxito Odontologo(id=58, nombre=PROBANDO, apellido=SI, matricula=1412412, turnos=[])
[2023-03-29 04:57:42] [ INFO ] [OdontologoService:37] Odontologo ID 58 eliminado con éxito.
[2023-03-29 04:57:42] [ INFO ] [OdontologoService:37] Odontologo ID 57 eliminado con éxito.
[2023-03-29 04:57:43] [ INFO ] [OdontologoService:37] Odontologo ID 56 eliminado con éxito.
[2023-03-29 04:57:43] [ INFO ] [OdontologoService:37] Odontologo ID 55 eliminado con éxito.
[2023-03-29 05:01:19] [ INFO ] [OdontologoService:37] Odontologo ID 20 eliminado con éxito.
[2023-03-29 05:04:15] [ INFO ] [OdontologoService:37] Odontologo ID 24 eliminado con éxito.
[2023-03-29 05:04:15] [ INFO ] [OdontologoService:37] Odontologo ID 26 eliminado con éxito.
[2023-03-29 05:04:16] [ INFO ] [OdontologoService:37] Odontologo ID 27 eliminado con éxito.
[2023-03-29 05:04:16] [ INFO ] [OdontologoService:37] Odontologo ID 28 eliminado con éxito.
[2023-03-29 05:04:16] [ INFO ] [OdontologoService:37] Odontologo ID 29 eliminado con éxito.
[2023-03-29 05:04:17] [ INFO ] [OdontologoService:37] Odontologo ID 30 eliminado con éxito.
[2023-03-29 05:04:17] [ INFO ] [OdontologoService:37] Odontologo ID 31 eliminado con éxito.
[2023-03-29 05:04:45] [ INFO ] [OdontologoService:37] Odontologo ID 23 eliminado con éxito.
[2023-03-29 05:04:56] [ INFO ] [OdontologoService:37] Odontologo ID 32 eliminado con éxito.
[2023-03-29 05:14:53] [ INFO ] [OdontologoService:37] Odontologo ID 50 eliminado con éxito.
[2023-03-29 05:14:53] [ INFO ] [OdontologoService:37] Odontologo ID 40 eliminado con éxito.
[2023-03-29 05:14:56] [ INFO ] [OdontologoService:37] Odontologo ID 39 eliminado con éxito.
[2023-03-29 05:17:11] [ INFO ] [OdontologoService:37] Odontologo ID 33 eliminado con éxito.
[2023-03-29 05:32:12] [ INFO ] [OdontologoService:37] Odontologo ID 34 eliminado con éxito.
[2023-03-29 05:34:42] [ INFO ] [OdontologoService:37] Odontologo ID 37 eliminado con éxito.
[2023-03-29 05:39:34] [ INFO ] [OdontologoService:37] Odontologo ID 38 eliminado con éxito.
[2023-03-29 05:54:00] [ INFO ] [OdontologoService:37] Odontologo ID 36 eliminado con éxito.
[2023-03-29 05:54:06] [ INFO ] [OdontologoService:37] Odontologo ID 35 eliminado con éxito.
[2023-03-29 05:54:11] [ INFO ] [OdontologoService:21] Guardando Odontologo.
[2023-03-29 05:54:11] [ INFO ] [OdontologoService:23] Odontologo guardado con éxito Odontologo(id=59, nombre=Oscar, apellido=Gomez, matricula=4, turnos=[])
[2023-03-29 05:54:11] [ INFO ] [OdontologoService:21] Guardando Odontologo.
[2023-03-29 05:54:11] [ INFO ] [OdontologoService:23] Odontologo guardado con éxito Odontologo(id=60, nombre=Oscar, apellido=Gomez, matricula=4, turnos=[])
[2023-03-29 05:54:19] [ INFO ] [OdontologoService:21] Guardando Odontologo.
[2023-03-29 05:54:19] [ INFO ] [OdontologoService:23] Odontologo guardado con éxito Odontologo(id=61, nombre=Oscar, apellido=Gomez, matricula=4, turnos=[])
[2023-03-29 05:54:23] [ INFO ] [OdontologoService:21] Guardando Odontologo.
[2023-03-29 05:54:23] [ INFO ] [OdontologoService:23] Odontologo guardado con éxito Odontologo(id=62, nombre=Oscar, apellido=Gomez, matricula=4, turnos=[])
[2023-03-29 05:54:24] [ INFO ] [OdontologoService:21] Guardando Odontologo.
[2023-03-29 05:54:24] [ INFO ] [OdontologoService:23] Odontologo guardado con éxito Odontologo(id=63, nombre=Oscar, apellido=Gomez, matricula=4, turnos=[])
[2023-03-29 05:54:25] [ INFO ] [OdontologoService:21] Guardando Odontologo.
[2023-03-29 05:54:25] [ INFO ] [OdontologoService:23] Odontologo guardado con éxito Odontologo(id=64, nombre=Oscar, apellido=Gomez, matricula=4, turnos=[])
[2023-03-29 05:54:26] [ INFO ] [OdontologoService:21] Guardando Odontologo.
[2023-03-29 05:54:26] [ INFO ] [OdontologoService:23] Odontologo guardado con éxito Odontologo(id=65, nombre=Oscar, apellido=Gomez, matricula=4, turnos=[])
[2023-03-29 05:54:26] [ INFO ] [OdontologoService:21] Guardando Odontologo.
[2023-03-29 05:54:26] [ INFO ] [OdontologoService:23] Odontologo guardado con éxito Odontologo(id=66, nombre=Oscar, apellido=Gomez, matricula=4, turnos=[])
[2023-03-29 05:54:27] [ INFO ] [OdontologoService:21] Guardando Odontologo.
[2023-03-29 05:54:27] [ INFO ] [OdontologoService:23] Odontologo guardado con éxito Odontologo(id=67, nombre=Oscar, apellido=Gomez, matricula=4, turnos=[])
[2023-03-29 05:54:28] [ INFO ] [OdontologoService:21] Guardando Odontologo.
[2023-03-29 05:54:28] [ INFO ] [OdontologoService:23] Odontologo guardado con éxito Odontologo(id=68, nombre=Oscar, apellido=Gomez, matricula=4, turnos=[])
[2023-03-29 05:54:28] [ INFO ] [OdontologoService:21] Guardando Odontologo.
[2023-03-29 05:54:28] [ INFO ] [OdontologoService:23] Odontologo guardado con éxito Odontologo(id=69, nombre=Oscar, apellido=Gomez, matricula=4, turnos=[])
[2023-03-29 05:54:29] [ INFO ] [OdontologoService:21] Guardando Odontologo.
[2023-03-29 05:54:29] [ INFO ] [OdontologoService:23] Odontologo guardado con éxito Odontologo(id=70, nombre=Oscar, apellido=Gomez, matricula=4, turnos=[])
[2023-03-29 05:54:30] [ INFO ] [OdontologoService:21] Guardando Odontologo.
[2023-03-29 05:54:30] [ INFO ] [OdontologoService:23] Odontologo guardado con éxito Odontologo(id=71, nombre=Oscar, apellido=Gomez, matricula=4, turnos=[])
[2023-03-29 05:54:30] [ INFO ] [OdontologoService:21] Guardando Odontologo.
[2023-03-29 05:54:30] [ INFO ] [OdontologoService:23] Odontologo guardado con éxito Odontologo(id=72, nombre=Oscar, apellido=Gomez, matricula=4, turnos=[])
[2023-03-29 05:54:31] [ INFO ] [OdontologoService:21] Guardando Odontologo.
[2023-03-29 05:54:31] [ INFO ] [OdontologoService:23] Odontologo guardado con éxito Odontologo(id=73, nombre=Oscar, apellido=Gomez, matricula=4, turnos=[])
[2023-03-29 05:54:31] [ INFO ] [OdontologoService:21] Guardando Odontologo.
[2023-03-29 05:54:31] [ INFO ] [OdontologoService:23] Odontologo guardado con éxito Odontologo(id=74, nombre=Oscar, apellido=Gomez, matricula=4, turnos=[])
[2023-03-29 05:54:32] [ INFO ] [OdontologoService:21] Guardando Odontologo.
[2023-03-29 05:54:32] [ INFO ] [OdontologoService:23] Odontologo guardado con éxito Odontologo(id=75, nombre=Oscar, apellido=Gomez, matricula=4, turnos=[])
[2023-03-29 05:54:33] [ INFO ] [OdontologoService:21] Guardando Odontologo.
[2023-03-29 05:54:33] [ INFO ] [OdontologoService:23] Odontologo guardado con éxito Odontologo(id=76, nombre=Oscar, apellido=Gomez, matricula=4, turnos=[])
[2023-03-29 05:54:33] [ INFO ] [OdontologoService:21] Guardando Odontologo.
[2023-03-29 05:54:33] [ INFO ] [OdontologoService:23] Odontologo guardado con éxito Odontologo(id=77, nombre=Oscar, apellido=Gomez, matricula=4, turnos=[])
[2023-03-29 05:54:34] [ INFO ] [OdontologoService:21] Guardando Odontologo.
[2023-03-29 05:54:34] [ INFO ] [OdontologoService:23] Odontologo guardado con éxito Odontologo(id=78, nombre=Oscar, apellido=Gomez, matricula=4, turnos=[])
[2023-03-29 05:54:35] [ INFO ] [OdontologoService:21] Guardando Odontologo.
[2023-03-29 05:54:35] [ INFO ] [OdontologoService:23] Odontologo guardado con éxito Odontologo(id=79, nombre=Oscar, apellido=Gomez, matricula=4, turnos=[])
[2023-03-29 05:54:36] [ INFO ] [OdontologoService:21] Guardando Odontologo.
[2023-03-29 05:54:36] [ INFO ] [OdontologoService:23] Odontologo guardado con éxito Odontologo(id=80, nombre=Oscar, apellido=Gomez, matricula=4, turnos=[])
[2023-03-29 05:54:37] [ INFO ] [OdontologoService:21] Guardando Odontologo.
[2023-03-29 05:54:37] [ INFO ] [OdontologoService:23] Odontologo guardado con éxito Odontologo(id=81, nombre=Oscar, apellido=Gomez, matricula=4, turnos=[])
[2023-03-29 05:54:39] [ INFO ] [OdontologoService:21] Guardando Odontologo.
[2023-03-29 05:54:39] [ INFO ] [OdontologoService:23] Odontologo guardado con éxito Odontologo(id=82, nombre=Oscar, apellido=Gomez, matricula=4, turnos=[])
[2023-03-29 05:54:41] [ INFO ] [OdontologoService:21] Guardando Odontologo.
[2023-03-29 05:54:41] [ INFO ] [OdontologoService:23] Odontologo guardado con éxito Odontologo(id=83, nombre=Oscar, apellido=Gomez, matricula=4, turnos=[])
[2023-03-29 05:54:42] [ INFO ] [OdontologoService:21] Guardando Odontologo.
[2023-03-29 05:54:42] [ INFO ] [OdontologoService:23] Odontologo guardado con éxito Odontologo(id=84, nombre=Oscar, apellido=Gomez, matricula=4, turnos=[])
[2023-03-29 05:54:43] [ INFO ] [OdontologoService:21] Guardando Odontologo.
[2023-03-29 05:54:43] [ INFO ] [OdontologoService:23] Odontologo guardado con éxito Odontologo(id=85, nombre=Oscar, apellido=Gomez, matricula=4, turnos=[])
[2023-03-29 05:54:43] [ INFO ] [OdontologoService:21] Guardando Odontologo.
[2023-03-29 05:54:43] [ INFO ] [OdontologoService:23] Odontologo guardado con éxito Odontologo(id=86, nombre=Oscar, apellido=Gomez, matricula=4, turnos=[])
[2023-03-29 05:54:46] [ INFO ] [OdontologoService:21] Guardando Odontologo.
[2023-03-29 05:54:46] [ INFO ] [OdontologoService:23] Odontologo guardado con éxito Odontologo(id=87, nombre=Oscar, apellido=Gomez, matricula=4, turnos=[])
[2023-03-29 05:54:47] [ INFO ] [OdontologoService:21] Guardando Odontologo.
[2023-03-29 05:54:47] [ INFO ] [OdontologoService:23] Odontologo guardado con éxito Odontologo(id=88, nombre=Oscar, apellido=Gomez, matricula=4, turnos=[])
[2023-03-29 05:54:48] [ INFO ] [OdontologoService:21] Guardando Odontologo.
[2023-03-29 05:54:48] [ INFO ] [OdontologoService:23] Odontologo guardado con éxito Odontologo(id=89, nombre=Oscar, apellido=Gomez, matricula=4, turnos=[])
[2023-03-29 05:54:49] [ INFO ] [OdontologoService:21] Guardando Odontologo.
[2023-03-29 05:54:49] [ INFO ] [OdontologoService:23] Odontologo guardado con éxito Odontologo(id=90, nombre=Oscar, apellido=Gomez, matricula=4, turnos=[])
[2023-03-29 05:54:50] [ INFO ] [OdontologoService:21] Guardando Odontologo.
[2023-03-29 05:54:50] [ INFO ] [OdontologoService:23] Odontologo guardado con éxito Odontologo(id=91, nombre=Oscar, apellido=Gomez, matricula=4, turnos=[])
[2023-03-29 05:54:51] [ INFO ] [OdontologoService:21] Guardando Odontologo.
[2023-03-29 05:54:51] [ INFO ] [OdontologoService:23] Odontologo guardado con éxito Odontologo(id=92, nombre=Oscar, apellido=Gomez, matricula=4, turnos=[])
[2023-03-29 05:54:52] [ INFO ] [OdontologoService:21] Guardando Odontologo.
[2023-03-29 05:54:52] [ INFO ] [OdontologoService:23] Odontologo guardado con éxito Odontologo(id=93, nombre=Oscar, apellido=Gomez, matricula=4, turnos=[])
[2023-03-29 05:54:53] [ INFO ] [OdontologoService:21] Guardando Odontologo.
[2023-03-29 05:54:53] [ INFO ] [OdontologoService:23] Odontologo guardado con éxito Odontologo(id=94, nombre=Oscar, apellido=Gomez, matricula=4, turnos=[])
[2023-03-29 05:54:54] [ INFO ] [OdontologoService:21] Guardando Odontologo.
[2023-03-29 05:54:54] [ INFO ] [OdontologoService:23] Odontologo guardado con éxito Odontologo(id=95, nombre=Oscar, apellido=Gomez, matricula=4, turnos=[])
[2023-03-29 05:54:55] [ INFO ] [OdontologoService:21] Guardando Odontologo.
[2023-03-29 05:54:55] [ INFO ] [OdontologoService:23] Odontologo guardado con éxito Odontologo(id=96, nombre=Oscar, apellido=Gomez, matricula=4, turnos=[])
[2023-03-29 05:54:56] [ INFO ] [OdontologoService:21] Guardando Odontologo.
[2023-03-29 05:54:56] [ INFO ] [OdontologoService:23] Odontologo guardado con éxito Odontologo(id=97, nombre=Oscar, apellido=Gomez, matricula=4, turnos=[])
[2023-03-29 05:54:56] [ INFO ] [OdontologoService:21] Guardando Odontologo.
[2023-03-29 05:54:56] [ INFO ] [OdontologoService:23] Odontologo guardado con éxito Odontologo(id=98, nombre=Oscar, apellido=Gomez, matricula=4, turnos=[])
[2023-03-29 05:54:57] [ INFO ] [OdontologoService:21] Guardando Odontologo.
[2023-03-29 05:54:57] [ INFO ] [OdontologoService:23] Odontologo guardado con éxito Odontologo(id=99, nombre=Oscar, apellido=Gomez, matricula=4, turnos=[])
[2023-03-29 05:54:58] [ INFO ] [OdontologoService:21] Guardando Odontologo.
[2023-03-29 05:54:58] [ INFO ] [OdontologoService:23] Odontologo guardado con éxito Odontologo(id=100, nombre=Oscar, apellido=Gomez, matricula=4, turnos=[])
[2023-03-29 05:54:59] [ INFO ] [OdontologoService:21] Guardando Odontologo.
[2023-03-29 05:54:59] [ INFO ] [OdontologoService:23] Odontologo guardado con éxito Odontologo(id=101, nombre=Oscar, apellido=Gomez, matricula=4, turnos=[])
[2023-03-29 05:55:00] [ INFO ] [OdontologoService:21] Guardando Odontologo.
[2023-03-29 05:55:00] [ INFO ] [OdontologoService:23] Odontologo guardado con éxito Odontologo(id=102, nombre=Oscar, apellido=Gomez, matricula=4, turnos=[])
[2023-03-29 05:55:00] [ INFO ] [OdontologoService:21] Guardando Odontologo.
[2023-03-29 05:55:00] [ INFO ] [OdontologoService:23] Odontologo guardado con éxito Odontologo(id=103, nombre=Oscar, apellido=Gomez, matricula=4, turnos=[])
[2023-03-29 05:55:02] [ INFO ] [OdontologoService:21] Guardando Odontologo.
[2023-03-29 05:55:02] [ INFO ] [OdontologoService:23] Odontologo guardado con éxito Odontologo(id=104, nombre=Oscar, apellido=Gomez, matricula=4, turnos=[])
[2023-03-29 05:55:04] [ INFO ] [OdontologoService:21] Guardando Odontologo.
[2023-03-29 05:55:04] [ INFO ] [OdontologoService:23] Odontologo guardado con éxito Odontologo(id=105, nombre=Oscar, apellido=Gomez, matricula=4, turnos=[])
[2023-03-29 05:55:07] [ INFO ] [OdontologoService:21] Guardando Odontologo.
[2023-03-29 05:55:07] [ INFO ] [OdontologoService:23] Odontologo guardado con éxito Odontologo(id=106, nombre=Oscar, apellido=Gomez, matricula=4, turnos=[])
[2023-03-29 05:55:08] [ INFO ] [OdontologoService:21] Guardando Odontologo.
[2023-03-29 05:55:08] [ INFO ] [OdontologoService:23] Odontologo guardado con éxito Odontologo(id=107, nombre=Oscar, apellido=Gomez, matricula=4, turnos=[])
[2023-03-29 06:07:41] [ INFO ] [OdontologoService:21] Guardando Odontologo.
[2023-03-29 06:07:41] [ INFO ] [OdontologoService:23] Odontologo guardado con éxito Odontologo(id=108, nombre=null, apellido=null, matricula=null, turnos=[])
[2023-03-29 06:07:52] [ INFO ] [OdontologoService:21] Guardando Odontologo.
[2023-03-29 06:07:52] [ INFO ] [OdontologoService:23] Odontologo guardado con éxito Odontologo(id=109, nombre=null, apellido=null, matricula=null, turnos=[])
[2023-03-29 06:08:36] [ INFO ] [OdontologoService:21] Guardando Odontologo.
[2023-03-29 06:08:36] [ INFO ] [OdontologoService:23] Odontologo guardado con éxito Odontologo(id=110, nombre=Ignacio, apellido=asf, matricula=532123, turnos=[])
[2023-03-29 06:08:45] [ INFO ] [OdontologoService:21] Guardando Odontologo.
[2023-03-29 06:08:45] [ INFO ] [OdontologoService:23] Odontologo guardado con éxito Odontologo(id=111, nombre=Ignacio, apellido=Poma, matricula=54, turnos=[])
[2023-03-29 06:21:39] [ INFO ] [OdontologoService:37] Odontologo ID 59 eliminado con éxito.
[2023-03-29 06:21:42] [ INFO ] [OdontologoService:37] Odontologo ID 60 eliminado con éxito.
[2023-03-29 06:21:43] [ INFO ] [OdontologoService:37] Odontologo ID 61 eliminado con éxito.
[2023-03-29 06:21:44] [ INFO ] [OdontologoService:37] Odontologo ID 62 eliminado con éxito.
[2023-03-29 06:21:45] [ INFO ] [OdontologoService:37] Odontologo ID 63 eliminado con éxito.
[2023-03-29 06:21:46] [ INFO ] [OdontologoService:37] Odontologo ID 64 eliminado con éxito.
[2023-03-29 06:21:51] [ INFO ] [OdontologoService:37] Odontologo ID 65 eliminado con éxito.
[2023-03-29 06:21:52] [ INFO ] [OdontologoService:37] Odontologo ID 66 eliminado con éxito.
[2023-03-29 06:21:52] [ INFO ] [OdontologoService:37] Odontologo ID 67 eliminado con éxito.
[2023-03-29 06:21:53] [ INFO ] [OdontologoService:37] Odontologo ID 68 eliminado con éxito.
[2023-03-29 06:21:53] [ INFO ] [OdontologoService:37] Odontologo ID 69 eliminado con éxito.
[2023-03-29 06:21:53] [ INFO ] [OdontologoService:37] Odontologo ID 70 eliminado con éxito.
[2023-03-29 06:21:53] [ INFO ] [OdontologoService:37] Odontologo ID 71 eliminado con éxito.
[2023-03-29 06:21:53] [ INFO ] [OdontologoService:37] Odontologo ID 72 eliminado con éxito.
[2023-03-29 06:21:53] [ INFO ] [OdontologoService:37] Odontologo ID 73 eliminado con éxito.
[2023-03-29 06:21:54] [ INFO ] [OdontologoService:37] Odontologo ID 74 eliminado con éxito.
[2023-03-29 06:21:54] [ INFO ] [OdontologoService:37] Odontologo ID 75 eliminado con éxito.
[2023-03-29 06:21:54] [ INFO ] [OdontologoService:37] Odontologo ID 76 eliminado con éxito.
[2023-03-29 06:21:54] [ INFO ] [OdontologoService:37] Odontologo ID 77 eliminado con éxito.
[2023-03-29 06:21:54] [ INFO ] [OdontologoService:37] Odontologo ID 78 eliminado con éxito.
[2023-03-29 06:21:54] [ INFO ] [OdontologoService:37] Odontologo ID 79 eliminado con éxito.
[2023-03-29 06:21:55] [ INFO ] [OdontologoService:37] Odontologo ID 80 eliminado con éxito.
[2023-03-29 06:21:55] [ INFO ] [OdontologoService:37] Odontologo ID 81 eliminado con éxito.
[2023-03-29 06:21:55] [ INFO ] [OdontologoService:37] Odontologo ID 82 eliminado con éxito.
[2023-03-29 06:21:55] [ INFO ] [OdontologoService:37] Odontologo ID 83 eliminado con éxito.
[2023-03-29 06:21:55] [ INFO ] [OdontologoService:37] Odontologo ID 84 eliminado con éxito.
[2023-03-29 06:21:55] [ INFO ] [OdontologoService:37] Odontologo ID 85 eliminado con éxito.
[2023-03-29 06:21:56] [ INFO ] [OdontologoService:37] Odontologo ID 86 eliminado con éxito.
[2023-03-29 06:21:56] [ INFO ] [OdontologoService:37] Odontologo ID 87 eliminado con éxito.
[2023-03-29 06:21:56] [ INFO ] [OdontologoService:37] Odontologo ID 88 eliminado con éxito.
[2023-03-29 06:21:56] [ INFO ] [OdontologoService:37] Odontologo ID 89 eliminado con éxito.
[2023-03-29 06:21:56] [ INFO ] [OdontologoService:37] Odontologo ID 90 eliminado con éxito.
[2023-03-29 06:21:56] [ INFO ] [OdontologoService:37] Odontologo ID 91 eliminado con éxito.
[2023-03-29 06:21:57] [ INFO ] [OdontologoService:37] Odontologo ID 92 eliminado con éxito.
[2023-03-29 06:21:57] [ INFO ] [OdontologoService:37] Odontologo ID 93 eliminado con éxito.
[2023-03-29 06:21:57] [ INFO ] [OdontologoService:37] Odontologo ID 94 eliminado con éxito.
[2023-03-29 06:21:57] [ INFO ] [OdontologoService:37] Odontologo ID 95 eliminado con éxito.
[2023-03-29 06:21:57] [ INFO ] [OdontologoService:37] Odontologo ID 96 eliminado con éxito.
[2023-03-29 06:21:57] [ INFO ] [OdontologoService:37] Odontologo ID 97 eliminado con éxito.
[2023-03-29 06:21:58] [ INFO ] [OdontologoService:37] Odontologo ID 98 eliminado con éxito.
[2023-03-29 06:21:58] [ INFO ] [OdontologoService:37] Odontologo ID 99 eliminado con éxito.
[2023-03-29 06:21:58] [ INFO ] [OdontologoService:37] Odontologo ID 100 eliminado con éxito.
[2023-03-29 06:21:58] [ INFO ] [OdontologoService:37] Odontologo ID 101 eliminado con éxito.
[2023-03-29 06:21:58] [ INFO ] [OdontologoService:37] Odontologo ID 102 eliminado con éxito.
[2023-03-29 06:22:32] [ INFO ] [OdontologoService:37] Odontologo ID 103 eliminado con éxito.
[2023-03-29 06:23:57] [ INFO ] [OdontologoService:37] Odontologo ID 104 eliminado con éxito.
[2023-03-29 06:24:44] [ INFO ] [OdontologoService:37] Odontologo ID 105 eliminado con éxito.
[2023-03-29 06:24:58] [ INFO ] [OdontologoService:37] Odontologo ID 106 eliminado con éxito.
[2023-03-29 06:26:40] [ INFO ] [OdontologoService:37] Odontologo ID 107 eliminado con éxito.
[2023-03-29 06:26:50] [ INFO ] [OdontologoService:37] Odontologo ID 108 eliminado con éxito.
[2023-03-29 06:27:29] [ INFO ] [OdontologoService:37] Odontologo ID 111 eliminado con éxito.
[2023-03-29 06:27:32] [ INFO ] [OdontologoService:37] Odontologo ID 110 eliminado con éxito.
[2023-03-29 06:27:34] [ INFO ] [OdontologoService:37] Odontologo ID 109 eliminado con éxito.
[2023-03-29 06:43:46] [ INFO ] [OdontologoService:21] Guardando Odontologo.
[2023-03-29 06:43:46] [ INFO ] [OdontologoService:23] Odontologo guardado con éxito Odontologo(id=112, nombre=Oscar, apellido=Gomez, matricula=4, turnos=[])
[2023-03-29 06:43:46] [ INFO ] [OdontologoService:21] Guardando Odontologo.
[2023-03-29 06:43:46] [ INFO ] [OdontologoService:23] Odontologo guardado con éxito Odontologo(id=113, nombre=Oscar, apellido=Gomez, matricula=4, turnos=[])
[2023-03-29 06:43:47] [ INFO ] [OdontologoService:21] Guardando Odontologo.
[2023-03-29 06:43:47] [ INFO ] [OdontologoService:23] Odontologo guardado con éxito Odontologo(id=114, nombre=Oscar, apellido=Gomez, matricula=4, turnos=[])
[2023-03-29 19:57:28] [ INFO ] [OdontologoService:21] Guardando Odontologo.
[2023-03-29 19:57:28] [ ERROR] [OdontologoService:25] Se produjo un error
[2023-03-29 19:57:58] [ INFO ] [OdontologoService:21] Guardando Odontologo.
[2023-03-29 19:57:58] [ ERROR] [OdontologoService:25] Se produjo un error
[2023-03-29 20:04:19] [ INFO ] [OdontologoService:21] Guardando Odontologo.
[2023-03-29 20:04:19] [ INFO ] [OdontologoService:23] Odontologo guardado con éxito Odontologo(id=1, nombre=Oscar, apellido=Gomez, matricula=4, turnos=[])
[2023-03-29 20:04:22] [ INFO ] [OdontologoService:21] Guardando Odontologo.
[2023-03-29 20:04:22] [ INFO ] [OdontologoService:23] Odontologo guardado con éxito Odontologo(id=1, nombre=Oscar, apellido=Gomez, matricula=4, turnos=[])
[2023-03-29 20:04:23] [ INFO ] [OdontologoService:21] Guardando Odontologo.
[2023-03-29 20:04:23] [ INFO ] [OdontologoService:23] Odontologo guardado con éxito Odontologo(id=1, nombre=Oscar, apellido=Gomez, matricula=4, turnos=[])
[2023-03-29 20:04:23] [ INFO ] [OdontologoService:21] Guardando Odontologo.
[2023-03-29 20:04:23] [ INFO ] [OdontologoService:23] Odontologo guardado con éxito Odontologo(id=1, nombre=Oscar, apellido=Gomez, matricula=4, turnos=[])
[2023-03-29 20:04:24] [ INFO ] [OdontologoService:21] Guardando Odontologo.
[2023-03-29 20:04:24] [ INFO ] [OdontologoService:23] Odontologo guardado con éxito Odontologo(id=1, nombre=Oscar, apellido=Gomez, matricula=4, turnos=[])
[2023-03-29 20:05:03] [ INFO ] [OdontologoService:21] Guardando Odontologo.
[2023-03-29 20:05:03] [ INFO ] [OdontologoService:23] Odontologo guardado con éxito Odontologo(id=2, nombre=Oscar, apellido=Gomez, matricula=4, turnos=[])
[2023-03-29 20:08:22] [ INFO ] [OdontologoService:21] Guardando Odontologo.
[2023-03-29 20:08:22] [ INFO ] [OdontologoService:23] Odontologo guardado con éxito Odontologo(id=2, nombre=Oscar, apellido=Gomez, matricula=4, turnos=[])
[2023-03-29 20:38:56] [ INFO ] [OdontologoService:21] Guardando Odontologo.
[2023-03-29 20:38:57] [ INFO ] [OdontologoService:23] Odontologo guardado con éxito Odontologo(id=115, nombre=Oscar, apellido=Gomez, matricula=4, turnos=[])
[2023-03-29 20:52:02] [ INFO ] [OdontologoService:37] Odontologo ID 112 eliminado con éxito.
[2023-03-29 20:52:03] [ INFO ] [OdontologoService:37] Odontologo ID 113 eliminado con éxito.
[2023-03-29 20:52:05] [ INFO ] [OdontologoService:37] Odontologo ID 114 eliminado con éxito.
[2023-03-29 20:54:35] [ INFO ] [OdontologoService:37] Odontologo ID 115 eliminado con éxito.
[2023-03-29 20:54:40] [ INFO ] [OdontologoService:21] Guardando Odontologo.
[2023-03-29 20:54:40] [ INFO ] [OdontologoService:23] Odontologo guardado con éxito Odontologo(id=116, nombre=Oscar, apellido=Gomez, matricula=4, turnos=[])
[2023-03-29 20:54:41] [ INFO ] [OdontologoService:21] Guardando Odontologo.
[2023-03-29 20:54:41] [ INFO ] [OdontologoService:23] Odontologo guardado con éxito Odontologo(id=117, nombre=Oscar, apellido=Gomez, matricula=4, turnos=[])
[2023-03-29 20:54:43] [ INFO ] [OdontologoService:21] Guardando Odontologo.
[2023-03-29 20:54:43] [ INFO ] [OdontologoService:23] Odontologo guardado con éxito Odontologo(id=118, nombre=Oscar, apellido=Gomez, matricula=4, turnos=[])
[2023-03-29 20:54:43] [ INFO ] [OdontologoService:21] Guardando Odontologo.
[2023-03-29 20:54:43] [ INFO ] [OdontologoService:23] Odontologo guardado con éxito Odontologo(id=119, nombre=Oscar, apellido=Gomez, matricula=4, turnos=[])
[2023-03-29 20:54:44] [ INFO ] [OdontologoService:21] Guardando Odontologo.
[2023-03-29 20:54:44] [ INFO ] [OdontologoService:23] Odontologo guardado con éxito Odontologo(id=120, nombre=Oscar, apellido=Gomez, matricula=4, turnos=[])
[2023-03-29 20:54:47] [ INFO ] [OdontologoService:37] Odontologo ID 120 eliminado con éxito.
[2023-03-29 20:54:49] [ INFO ] [OdontologoService:37] Odontologo ID 119 eliminado con éxito.
[2023-03-29 21:07:57] [ INFO ] [OdontologoService:37] Odontologo ID 118 eliminado con éxito.
[2023-03-29 21:10:31] [ INFO ] [OdontologoService:37] Odontologo ID 116 eliminado con éxito.
[2023-03-29 21:12:44] [ INFO ] [OdontologoService:21] Guardando Odontologo.
[2023-03-29 21:12:44] [ INFO ] [OdontologoService:23] Odontologo guardado con éxito Odontologo(id=121, nombre=Oscar, apellido=Gomez, matricula=4, turnos=[])
[2023-03-29 21:12:45] [ INFO ] [OdontologoService:21] Guardando Odontologo.
[2023-03-29 21:12:45] [ INFO ] [OdontologoService:23] Odontologo guardado con éxito Odontologo(id=122, nombre=Oscar, apellido=Gomez, matricula=4, turnos=[])
[2023-03-29 21:13:04] [ INFO ] [OdontologoService:37] Odontologo ID 122 eliminado con éxito.
[2023-03-29 21:13:34] [ INFO ] [OdontologoService:37] Odontologo ID 117 eliminado con éxito.
[2023-03-29 21:24:07] [ INFO ] [OdontologoService:21] Guardando Odontologo.
[2023-03-29 21:24:07] [ INFO ] [OdontologoService:23] Odontologo guardado con éxito Odontologo(id=123, nombre=Oscar, apellido=Gomez, matricula=4, turnos=[])
[2023-03-29 21:24:07] [ INFO ] [OdontologoService:21] Guardando Odontologo.
[2023-03-29 21:24:07] [ INFO ] [OdontologoService:23] Odontologo guardado con éxito Odontologo(id=124, nombre=Oscar, apellido=Gomez, matricula=4, turnos=[])
[2023-03-29 21:24:08] [ INFO ] [OdontologoService:21] Guardando Odontologo.
[2023-03-29 21:24:08] [ INFO ] [OdontologoService:23] Odontologo guardado con éxito Odontologo(id=125, nombre=Oscar, apellido=Gomez, matricula=4, turnos=[])
[2023-03-29 22:09:49] [ INFO ] [OdontologoService:21] Guardando Odontologo.
[2023-03-29 22:09:50] [ INFO ] [OdontologoService:23] Odontologo guardado con éxito Odontologo(id=126, nombre=Oscar, apellido=Gomez, matricula=4, turnos=[])
[2023-03-29 22:14:39] [ INFO ] [OdontologoService:37] Odontologo ID 125 eliminado con éxito.
[2023-03-29 22:29:13] [ INFO ] [OdontologoService:21] Guardando Odontologo.
[2023-03-29 22:29:13] [ INFO ] [OdontologoService:23] Odontologo guardado con éxito Odontologo(id=1, nombre=Oscar, apellido=Gomez, matricula=4, turnos=[])
[2023-03-29 22:30:23] [ INFO ] [OdontologoService:21] Guardando Odontologo.
[2023-03-29 22:30:23] [ INFO ] [OdontologoService:23] Odontologo guardado con éxito Odontologo(id=1, nombre=Oscar, apellido=Gomez, matricula=4, turnos=[])
[2023-03-29 22:31:39] [ INFO ] [OdontologoService:21] Guardando Odontologo.
[2023-03-29 22:31:39] [ INFO ] [OdontologoService:23] Odontologo guardado con éxito Odontologo(id=1, nombre=Oscar, apellido=Gomez, matricula=4, turnos=[])
[2023-03-29 22:32:25] [ INFO ] [OdontologoService:21] Guardando Odontologo.
[2023-03-29 22:32:25] [ INFO ] [OdontologoService:23] Odontologo guardado con éxito Odontologo(id=1, nombre=Oscar, apellido=Gomez, matricula=4, turnos=[])
[2023-03-29 22:33:18] [ INFO ] [OdontologoService:21] Guardando Odontologo.
[2023-03-29 22:33:19] [ INFO ] [OdontologoService:23] Odontologo guardado con éxito Odontologo(id=1, nombre=Oscar, apellido=Gomez, matricula=4, turnos=[])
[2023-03-29 22:37:57] [ INFO ] [OdontologoService:21] Guardando Odontologo.
[2023-03-29 22:37:57] [ INFO ] [OdontologoService:23] Odontologo guardado con éxito Odontologo(id=1, nombre=Oscar, apellido=Gomez, matricula=4, turnos=[])
[2023-03-29 22:40:33] [ INFO ] [OdontologoService:21] Guardando Odontologo.
[2023-03-29 22:40:33] [ INFO ] [OdontologoService:23] Odontologo guardado con éxito Odontologo(id=1, nombre=Oscar, apellido=Gomez, matricula=4, turnos=[])
[2023-03-30 00:23:19] [ INFO ] [OdontologoService:21] Guardando Odontologo.
[2023-03-30 00:23:19] [ INFO ] [OdontologoService:23] Odontologo guardado con éxito Odontologo(id=1, nombre=Oscar, apellido=Gomez, matricula=4, turnos=[])
[2023-03-30 00:24:08] [ INFO ] [OdontologoService:21] Guardando Odontologo.
[2023-03-30 00:24:08] [ INFO ] [OdontologoService:23] Odontologo guardado con éxito Odontologo(id=2, nombre=Oscar, apellido=Gomez, matricula=4, turnos=[])
[2023-03-30 00:28:38] [ INFO ] [OdontologoService:21] Guardando Odontologo.
[2023-03-30 00:28:38] [ INFO ] [OdontologoService:23] Odontologo guardado con éxito Odontologo(id=1, nombre=Oscar, apellido=Gomez, matricula=4, turnos=[])
[2023-03-30 00:40:54] [ INFO ] [OdontologoService:21] Guardando Odontologo.
[2023-03-30 00:40:54] [ INFO ] [OdontologoService:23] Odontologo guardado con éxito Odontologo(id=1, nombre=Oscar, apellido=Gomez, matricula=452145, turnos=[])
[2023-03-30 01:02:46] [ INFO ] [OdontologoService:21] Guardando Odontologo.
[2023-03-30 01:02:46] [ INFO ] [OdontologoService:23] Odontologo guardado con éxito Odontologo(id=1, nombre=Oscar, apellido=Gomez, matricula=452145, turnos=[])
[2023-03-30 01:03:02] [ INFO ] [TurnoService:26] Guardando turno.
[2023-03-30 01:03:02] [ ERROR] [TurnoService:30] Se produjo un error
[2023-03-30 01:03:21] [ INFO ] [TurnoService:26] Guardando turno.
[2023-03-30 01:03:21] [ ERROR] [TurnoService:30] Se produjo un error
[2023-03-30 01:03:22] [ INFO ] [TurnoService:26] Guardando turno.
[2023-03-30 01:03:22] [ ERROR] [TurnoService:30] Se produjo un error
[2023-03-30 01:03:47] [ INFO ] [OdontologoService:21] Guardando Odontologo.
[2023-03-30 01:03:47] [ INFO ] [OdontologoService:23] Odontologo guardado con éxito Odontologo(id=2, nombre=Oscar, apellido=Gomez, matricula=452145, turnos=[])
[2023-03-30 01:03:50] [ INFO ] [OdontologoService:21] Guardando Odontologo.
[2023-03-30 01:03:50] [ INFO ] [OdontologoService:23] Odontologo guardado con éxito Odontologo(id=3, nombre=Oscar, apellido=Gomez, matricula=452145, turnos=[])
[2023-03-30 01:03:51] [ INFO ] [OdontologoService:21] Guardando Odontologo.
[2023-03-30 01:03:51] [ INFO ] [OdontologoService:23] Odontologo guardado con éxito Odontologo(id=4, nombre=Oscar, apellido=Gomez, matricula=452145, turnos=[])
[2023-03-30 01:05:08] [ ERROR] [PacienteService:36] No se pudo eliminar el Paciente ID 1
[2023-03-30 01:05:11] [ INFO ] [TurnoService:26] Guardando turno.
[2023-03-30 01:05:11] [ INFO ] [TurnoService:28] turno guardado con éxito Turno(id=4, fechaAltaTurno=2023-03-30, fechaDeTurno=2023-04-09, horaDeTurno=14:15, odontologo=Odontologo(id=1, nombre=null, apellido=null, matricula=null, turnos=[]), paciente=Paciente(id=1, nombre=null, apellido=null, dni=null, fechaIngreso=null, domicilio=null, turnos=[]))
[2023-03-30 01:05:14] [ INFO ] [TurnoService:26] Guardando turno.
[2023-03-30 01:05:14] [ INFO ] [TurnoService:28] turno guardado con éxito Turno(id=5, fechaAltaTurno=2023-03-30, fechaDeTurno=2023-04-09, horaDeTurno=14:15, odontologo=Odontologo(id=1, nombre=null, apellido=null, matricula=null, turnos=[]), paciente=Paciente(id=1, nombre=null, apellido=null, dni=null, fechaIngreso=null, domicilio=null, turnos=[]))
[2023-03-30 01:05:15] [ INFO ] [TurnoService:26] Guardando turno.
[2023-03-30 01:05:15] [ INFO ] [TurnoService:28] turno guardado con éxito Turno(id=6, fechaAltaTurno=2023-03-30, fechaDeTurno=2023-04-09, horaDeTurno=14:15, odontologo=Odontologo(id=1, nombre=null, apellido=null, matricula=null, turnos=[]), paciente=Paciente(id=1, nombre=null, apellido=null, dni=null, fechaIngreso=null, domicilio=null, turnos=[]))
[2023-03-30 01:05:53] [ INFO ] [TurnoService:26] Guardando turno.
[2023-03-30 01:05:53] [ INFO ] [TurnoService:28] turno guardado con éxito Turno(id=7, fechaAltaTurno=2023-03-30, fechaDeTurno=2023-04-09, horaDeTurno=14:15, odontologo=Odontologo(id=1, nombre=null, apellido=null, matricula=null, turnos=[]), paciente=Paciente(id=1, nombre=null, apellido=null, dni=null, fechaIngreso=null, domicilio=null, turnos=[]))
[2023-03-30 01:05:54] [ INFO ] [TurnoService:26] Guardando turno.
[2023-03-30 01:05:54] [ INFO ] [TurnoService:28] turno guardado con éxito Turno(id=8, fechaAltaTurno=2023-03-30, fechaDeTurno=2023-04-09, horaDeTurno=14:15, odontologo=Odontologo(id=1, nombre=null, apellido=null, matricula=null, turnos=[]), paciente=Paciente(id=1, nombre=null, apellido=null, dni=null, fechaIngreso=null, domicilio=null, turnos=[]))
[2023-03-30 01:06:44] [ INFO ] [OdontologoService:21] Guardando Odontologo.
[2023-03-30 01:06:44] [ INFO ] [OdontologoService:23] Odontologo guardado con éxito Odontologo(id=1, nombre=Oscar, apellido=Gomez, matricula=452145, turnos=[])
[2023-03-30 01:06:47] [ INFO ] [TurnoService:26] Guardando turno.
[2023-03-30 01:06:47] [ INFO ] [TurnoService:28] turno guardado con éxito Turno(id=1, fechaAltaTurno=2023-03-30, fechaDeTurno=2023-04-09, horaDeTurno=14:15, odontologo=Odontologo(id=1, nombre=null, apellido=null, matricula=null, turnos=[]), paciente=Paciente(id=1, nombre=null, apellido=null, dni=null, fechaIngreso=null, domicilio=null, turnos=[]))
[2023-03-30 01:07:04] [ INFO ] [TurnoService:42] turno ID 1 eliminado con éxito.
[2023-03-30 01:07:13] [ INFO ] [TurnoService:26] Guardando turno.
[2023-03-30 01:07:13] [ INFO ] [TurnoService:28] turno guardado con éxito Turno(id=2, fechaAltaTurno=2023-03-30, fechaDeTurno=2023-04-09, horaDeTurno=14:15, odontologo=Odontologo(id=1, nombre=null, apellido=null, matricula=null, turnos=[]), paciente=Paciente(id=1, nombre=null, apellido=null, dni=null, fechaIngreso=null, domicilio=null, turnos=[]))
[2023-03-30 01:52:47] [ INFO ] [OdontologoService:21] Guardando Odontologo.
[2023-03-30 01:52:47] [ INFO ] [OdontologoService:23] Odontologo guardado con éxito Odontologo(id=1, nombre=Oscar, apellido=Gomez, matricula=452145, turnos=[])
[2023-03-30 01:53:00] [ INFO ] [TurnoService:26] Guardando turno.
[2023-03-30 01:53:00] [ ERROR] [TurnoService:30] Se produjo un error
[2023-03-30 01:53:26] [ INFO ] [TurnoService:26] Guardando turno.
[2023-03-30 01:53:26] [ ERROR] [TurnoService:30] Se produjo un error
[2023-03-30 01:54:33] [ INFO ] [TurnoService:26] Guardando turno.
[2023-03-30 01:54:33] [ ERROR] [TurnoService:30] Se produjo un error
[2023-03-30 01:55:20] [ INFO ] [TurnoService:26] Guardando turno.
[2023-03-30 01:55:20] [ ERROR] [TurnoService:30] Se produjo un error
[2023-03-30 01:55:29] [ INFO ] [TurnoService:26] Guardando turno.
[2023-03-30 01:55:29] [ ERROR] [TurnoService:30] Se produjo un error
[2023-03-30 01:56:54] [ INFO ] [OdontologoService:21] Guardando Odontologo.
[2023-03-30 01:56:54] [ INFO ] [OdontologoService:23] Odontologo guardado con éxito Odontologo(id=1, nombre=Oscar, apellido=Gomez, matricula=452145, turnos=[])
[2023-03-30 01:56:59] [ INFO ] [TurnoService:26] Guardando Odontologo.
[2023-03-30 01:56:59] [ INFO ] [TurnoService:28] Odontologo guardado con éxito Turno(id=1, fechaAltaTurno=2023-03-30, fechaDeTurno=2023-04-09, horaDeTurno=14:15, odontologo=Odontologo(id=1, nombre=null, apellido=null, matricula=null, turnos=[]), paciente=Paciente(id=1, nombre=null, apellido=null, dni=null, fechaIngreso=null, domicilio=null, turnos=[]))
[2023-03-30 01:57:37] [ INFO ] [OdontologoService:21] Guardando Odontologo.
[2023-03-30 01:57:37] [ INFO ] [OdontologoService:23] Odontologo guardado con éxito Odontologo(id=1, nombre=Oscar, apellido=Gomez, matricula=452145, turnos=[])
[2023-03-30 01:57:42] [ INFO ] [TurnoService:27] Turno guardado con éxito Turno(id=1, fechaAltaTurno=2023-03-30, fechaDeTurno=2023-04-09, horaDeTurno=14:15, odontologo=Odontologo(id=1, nombre=null, apellido=null, matricula=null, turnos=[]), paciente=Paciente(id=1, nombre=null, apellido=null, dni=null, fechaIngreso=null, domicilio=null, turnos=[]))
[2023-03-30 02:11:07] [ INFO ] [OdontologoService:21] Guardando Odontologo.
[2023-03-30 02:11:07] [ INFO ] [OdontologoService:23] Odontologo guardado con éxito Odontologo(id=1, nombre=Oscar, apellido=Gomez, matricula=452145, turnos=[])
[2023-03-30 02:12:20] [ INFO ] [OdontologoService:21] Guardando Odontologo.
[2023-03-30 02:12:20] [ INFO ] [OdontologoService:23] Odontologo guardado con éxito Odontologo(id=1, nombre=Oscar, apellido=Gomez, matricula=452145, turnos=[])
[2023-03-30 02:12:20] [ INFO ] [OdontologoService:21] Guardando Odontologo.
[2023-03-30 02:12:20] [ INFO ] [OdontologoService:23] Odontologo guardado con éxito Odontologo(id=2, nombre=Oscar, apellido=Gomez, matricula=452145, turnos=[])
[2023-03-30 02:12:25] [ INFO ] [TurnoService:28] Turno guardado con éxito Turno(id=1, fechaAltaTurno=2023-03-30, fechaDeTurno=2023-04-09, horaDeTurno=14:15, odontologo=Odontologo(id=1, nombre=null, apellido=null, matricula=null, turnos=[]), paciente=Paciente(id=1, nombre=null, apellido=null, dni=null, fechaIngreso=null, domicilio=null, turnos=[]))
[2023-03-30 02:12:30] [ INFO ] [TurnoService:28] Turno guardado con éxito Turno(id=2, fechaAltaTurno=2023-03-30, fechaDeTurno=2023-04-09, horaDeTurno=14:15, odontologo=Odontologo(id=2, nombre=null, apellido=null, matricula=null, turnos=[]), paciente=Paciente(id=2, nombre=null, apellido=null, dni=null, fechaIngreso=null, domicilio=null, turnos=[]))
[2023-03-30 02:20:42] [ INFO ] [OdontologoService:21] Guardando Odontologo.
[2023-03-30 02:20:42] [ INFO ] [OdontologoService:23] Odontologo guardado con éxito Odontologo(id=1, nombre=Oscar, apellido=Gomez, matricula=452145, turnos=[])
[2023-03-30 02:28:40] [ INFO ] [OdontologoService:21] Guardando Odontologo.
[2023-03-30 02:28:40] [ INFO ] [OdontologoService:23] Odontologo guardado con éxito Odontologo(id=1, nombre=Oscar, apellido=Gomez, matricula=452145, turnos=[])
[2023-03-30 02:30:13] [ INFO ] [OdontologoService:21] Guardando Odontologo.
[2023-03-30 02:30:13] [ INFO ] [OdontologoService:23] Odontologo guardado con éxito Odontologo(id=1, nombre=Oscar, apellido=Gomez, matricula=452145, turnos=[])
[2023-03-30 02:31:35] [ INFO ] [OdontologoService:21] Guardando Odontologo.
[2023-03-30 02:31:35] [ INFO ] [OdontologoService:23] Odontologo guardado con éxito Odontologo(id=1, nombre=Oscar, apellido=Gomez, matricula=452145, turnos=[])
[2023-03-30 02:33:23] [ INFO ] [OdontologoService:21] Guardando Odontologo.
[2023-03-30 02:33:23] [ INFO ] [OdontologoService:23] Odontologo guardado con éxito Odontologo(id=1, nombre=Oscar, apellido=Gomez, matricula=452145, turnos=[])
[2023-03-30 02:37:29] [ INFO ] [OdontologoService:21] Guardando Odontologo.
[2023-03-30 02:37:29] [ INFO ] [OdontologoService:23] Odontologo guardado con éxito Odontologo(id=1, nombre=Oscar, apellido=Gomez, matricula=452145, turnos=[])
[2023-03-30 02:37:37] [ INFO ] [TurnoService:31] Turno guardado con éxito Turno(id=1, fechaAltaTurno=2023-03-30, fechaDeTurno=2023-04-09, horaDeTurno=14:15, odontologo=Odontologo(id=1, nombre=null, apellido=null, matricula=null, turnos=[]), paciente=Paciente(id=1, nombre=null, apellido=null, dni=null, fechaIngreso=null, domicilio=null, turnos=[]))
[2023-03-30 02:37:43] [ INFO ] [TurnoService:31] Turno guardado con éxito Turno(id=2, fechaAltaTurno=2023-03-30, fechaDeTurno=2023-04-09, horaDeTurno=14:15, odontologo=Odontologo(id=1, nombre=null, apellido=null, matricula=null, turnos=[]), paciente=Paciente(id=1, nombre=null, apellido=null, dni=null, fechaIngreso=null, domicilio=null, turnos=[]))
[2023-03-30 02:37:44] [ INFO ] [TurnoService:31] Turno guardado con éxito Turno(id=3, fechaAltaTurno=2023-03-30, fechaDeTurno=2023-04-09, horaDeTurno=14:15, odontologo=Odontologo(id=1, nombre=null, apellido=null, matricula=null, turnos=[]), paciente=Paciente(id=1, nombre=null, apellido=null, dni=null, fechaIngreso=null, domicilio=null, turnos=[]))
[2023-03-30 02:37:45] [ INFO ] [TurnoService:31] Turno guardado con éxito Turno(id=4, fechaAltaTurno=2023-03-30, fechaDeTurno=2023-04-09, horaDeTurno=14:15, odontologo=Odontologo(id=1, nombre=null, apellido=null, matricula=null, turnos=[]), paciente=Paciente(id=1, nombre=null, apellido=null, dni=null, fechaIngreso=null, domicilio=null, turnos=[]))
[2023-03-30 02:40:45] [ INFO ] [OdontologoService:21] Guardando Odontologo.
[2023-03-30 02:40:45] [ INFO ] [OdontologoService:23] Odontologo guardado con éxito Odontologo(id=1, nombre=Oscar, apellido=Gomez, matricula=452145, turnos=[])
[2023-03-30 02:40:50] [ INFO ] [TurnoService:31] Turno guardado con éxito Turno(id=1, fechaAltaTurno=2023-03-30, fechaDeTurno=2023-04-09, horaDeTurno=14:15, odontologo=Odontologo(id=1, nombre=null, apellido=null, matricula=null, turnos=[]), paciente=Paciente(id=1, nombre=null, apellido=null, dni=null, fechaIngreso=null, domicilio=null, turnos=[]))
[2023-03-30 02:41:46] [ INFO ] [OdontologoService:21] Guardando Odontologo.
[2023-03-30 02:41:46] [ INFO ] [OdontologoService:23] Odontologo guardado con éxito Odontologo(id=2, nombre=Oscar, apellido=Gomez, matricula=452145, turnos=[])
[2023-03-30 02:41:54] [ INFO ] [TurnoService:31] Turno guardado con éxito Turno(id=2, fechaAltaTurno=2023-03-30, fechaDeTurno=2023-04-09, horaDeTurno=14:15, odontologo=Odontologo(id=1, nombre=null, apellido=null, matricula=null, turnos=[]), paciente=Paciente(id=1, nombre=null, apellido=null, dni=null, fechaIngreso=null, domicilio=null, turnos=[]))
[2023-03-30 02:44:43] [ INFO ] [OdontologoService:21] Guardando Odontologo.
[2023-03-30 02:44:43] [ INFO ] [OdontologoService:23] Odontologo guardado con éxito Odontologo(id=1, nombre=Oscar, apellido=Gomez, matricula=452145, turnos=[])
[2023-03-30 02:44:47] [ INFO ] [TurnoService:31] Turno guardado con éxito Turno(id=1, fechaAltaTurno=2023-03-30, fechaDeTurno=2023-04-09, horaDeTurno=14:15, odontologo=Odontologo(id=1, nombre=null, apellido=null, matricula=null, turnos=[]), paciente=Paciente(id=1, nombre=null, apellido=null, dni=null, fechaIngreso=null, domicilio=null, turnos=[]))
[2023-03-30 02:49:26] [ INFO ] [OdontologoService:21] Guardando Odontologo.
[2023-03-30 02:49:27] [ INFO ] [OdontologoService:23] Odontologo guardado con éxito Odontologo(id=1, nombre=Oscar, apellido=Gomez, matricula=452145, turnos=[])
[2023-03-30 02:49:28] [ ERROR] [TurnoService:33] Se produjo un error
[2023-03-30 02:49:50] [ ERROR] [TurnoService:33] Se produjo un error
[2023-03-30 02:49:55] [ INFO ] [TurnoService:31] Turno guardado con éxito Turno(id=3, fechaAltaTurno=2023-03-30, fechaDeTurno=2023-04-09, horaDeTurno=14:15, odontologo=Odontologo(id=1, nombre=null, apellido=null, matricula=null, turnos=[]), paciente=Paciente(id=1, nombre=null, apellido=null, dni=null, fechaIngreso=null, domicilio=null, turnos=[]))
[2023-03-30 02:55:51] [ INFO ] [OdontologoService:22] Guardando Odontologo.
[2023-03-30 02:55:51] [ INFO ] [OdontologoService:24] Odontologo guardado con éxito Odontologo(id=1, nombre=Oscar, apellido=Gomez, matricula=452145, turnos=[])
[2023-03-30 02:55:54] [ INFO ] [TurnoService:31] Turno guardado con éxito Turno(id=1, fechaAltaTurno=2023-03-30, fechaDeTurno=2023-04-09, horaDeTurno=14:15, odontologo=Odontologo(id=1, nombre=null, apellido=null, matricula=null, turnos=[]), paciente=Paciente(id=1, nombre=null, apellido=null, dni=null, fechaIngreso=null, domicilio=null, turnos=[]))
[2023-03-30 02:58:56] [ INFO ] [TurnoService:54] Turno ID 1 actualizado con éxito.
[2023-03-30 02:58:58] [ INFO ] [TurnoService:54] Turno ID 1 actualizado con éxito.
[2023-03-30 02:58:58] [ INFO ] [TurnoService:54] Turno ID 1 actualizado con éxito.
[2023-03-30 02:59:09] [ INFO ] [TurnoService:31] Turno guardado con éxito Turno(id=2, fechaAltaTurno=2023-03-30, fechaDeTurno=2023-04-09, horaDeTurno=14:15, odontologo=Odontologo(id=1, nombre=null, apellido=null, matricula=null, turnos=[]), paciente=Paciente(id=1, nombre=null, apellido=null, dni=null, fechaIngreso=null, domicilio=null, turnos=[]))
[2023-03-30 02:59:33] [ INFO ] [OdontologoService:22] Guardando Odontologo.
[2023-03-30 02:59:33] [ INFO ] [OdontologoService:24] Odontologo guardado con éxito Odontologo(id=1, nombre=Oscar, apellido=Gomez, matricula=452145, turnos=[])
[2023-03-30 02:59:40] [ INFO ] [TurnoService:31] Turno guardado con éxito Turno(id=1, fechaAltaTurno=2023-03-30, fechaDeTurno=2023-04-09, horaDeTurno=14:15, odontologo=Odontologo(id=1, nombre=null, apellido=null, matricula=null, turnos=[]), paciente=Paciente(id=1, nombre=null, apellido=null, dni=null, fechaIngreso=null, domicilio=null, turnos=[]))
[2023-03-30 03:00:02] [ INFO ] [TurnoService:54] Turno ID 1 actualizado con éxito.
[2023-03-30 03:02:11] [ INFO ] [OdontologoService:22] Guardando Odontologo.
[2023-03-30 03:02:11] [ INFO ] [OdontologoService:24] Odontologo guardado con éxito Odontologo(id=1, nombre=Oscar, apellido=Gomez, matricula=452145, turnos=[])
[2023-03-30 03:02:15] [ INFO ] [TurnoService:31] Turno guardado con éxito Turno(id=1, fechaAltaTurno=2023-03-30, fechaDeTurno=2023-04-09, horaDeTurno=14:15, odontologo=Odontologo(id=1, nombre=null, apellido=null, matricula=null, turnos=[]), paciente=Paciente(id=1, nombre=null, apellido=null, dni=null, fechaIngreso=null, domicilio=null, turnos=[]))
[2023-03-30 03:03:42] [ INFO ] [TurnoService:53] Turno ID 1 actualizado con éxito.
[2023-03-30 03:04:14] [ INFO ] [TurnoService:31] Turno guardado con éxito Turno(id=2, fechaAltaTurno=2023-03-30, fechaDeTurno=2023-04-09, horaDeTurno=14:15, odontologo=Odontologo(id=1, nombre=null, apellido=null, matricula=null, turnos=[]), paciente=Paciente(id=1, nombre=null, apellido=null, dni=null, fechaIngreso=null, domicilio=null, turnos=[]))
[2023-03-30 03:04:53] [ INFO ] [TurnoService:53] Turno ID 1 actualizado con éxito.
[2023-03-30 03:05:02] [ INFO ] [TurnoService:31] Turno guardado con éxito Turno(id=3, fechaAltaTurno=2023-03-30, fechaDeTurno=2023-04-09, horaDeTurno=14:15, odontologo=Odontologo(id=1, nombre=null, apellido=null, matricula=null, turnos=[]), paciente=Paciente(id=1, nombre=null, apellido=null, dni=null, fechaIngreso=null, domicilio=null, turnos=[]))
[2023-03-30 03:05:36] [ INFO ] [TurnoService:31] Turno guardado con éxito Turno(id=4, fechaAltaTurno=2023-03-30, fechaDeTurno=2023-04-09, horaDeTurno=14:15, odontologo=Odontologo(id=1, nombre=null, apellido=null, matricula=null, turnos=[]), paciente=Paciente(id=1, nombre=null, apellido=null, dni=null, fechaIngreso=null, domicilio=null, turnos=[]))
[2023-03-30 03:05:37] [ INFO ] [TurnoService:31] Turno guardado con éxito Turno(id=5, fechaAltaTurno=2023-03-30, fechaDeTurno=2023-04-09, horaDeTurno=14:15, odontologo=Odontologo(id=1, nombre=null, apellido=null, matricula=null, turnos=[]), paciente=Paciente(id=1, nombre=null, apellido=null, dni=null, fechaIngreso=null, domicilio=null, turnos=[]))
[2023-03-30 03:05:59] [ INFO ] [OdontologoService:22] Guardando Odontologo.
[2023-03-30 03:05:59] [ INFO ] [OdontologoService:24] Odontologo guardado con éxito Odontologo(id=1, nombre=Oscar, apellido=Gomez, matricula=452145, turnos=[])
[2023-03-30 03:06:14] [ INFO ] [TurnoService:31] Turno guardado con éxito Turno(id=1, fechaAltaTurno=2023-03-30, fechaDeTurno=2023-04-09, horaDeTurno=14:15, odontologo=Odontologo(id=1, nombre=null, apellido=null, matricula=null, turnos=[]), paciente=Paciente(id=1, nombre=null, apellido=null, dni=null, fechaIngreso=null, domicilio=null, turnos=[]))
[2023-03-30 03:11:42] [ INFO ] [OdontologoService:22] Guardando Odontologo.
[2023-03-30 03:11:42] [ INFO ] [OdontologoService:24] Odontologo guardado con éxito Odontologo(id=1, nombre=Oscar, apellido=Gomez, matricula=452145, turnos=[])
[2023-03-30 03:11:46] [ INFO ] [TurnoService:31] Turno guardado con éxito Turno(id=1, fechaAltaTurno=2023-03-30, fechaDeTurno=2023-04-09, horaDeTurno=14:15, odontologo=Odontologo(id=1, nombre=null, apellido=null, matricula=null, turnos=[]), paciente=Paciente(id=1, nombre=null, apellido=null, dni=null, fechaIngreso=null, domicilio=null, turnos=[]))
[2023-03-30 03:12:49] [ INFO ] [OdontologoService:22] Guardando Odontologo.
[2023-03-30 03:12:49] [ INFO ] [OdontologoService:24] Odontologo guardado con éxito Odontologo(id=1, nombre=Oscar, apellido=Gomez, matricula=452145, turnos=[])
[2023-03-30 03:12:53] [ INFO ] [TurnoService:31] Turno guardado con éxito Turno(id=1, fechaAltaTurno=2023-03-30, fechaDeTurno=2023-04-09, horaDeTurno=14:15, odontologo=Odontologo(id=1, nombre=null, apellido=null, matricula=null, turnos=[]), paciente=Paciente(id=1, nombre=null, apellido=null, dni=null, fechaIngreso=null, domicilio=null, turnos=[]))
[2023-03-30 03:15:09] [ ERROR] [TurnoService:33] Se produjo un error
[2023-03-30 03:15:13] [ INFO ] [OdontologoService:22] Guardando Odontologo.
[2023-03-30 03:15:13] [ INFO ] [OdontologoService:24] Odontologo guardado con éxito Odontologo(id=1, nombre=Oscar, apellido=Gomez, matricula=452145, turnos=[])
[2023-03-30 03:15:17] [ INFO ] [TurnoService:31] Turno guardado con éxito Turno(id=2, fechaAltaTurno=2023-03-30, fechaDeTurno=2023-04-09, horaDeTurno=14:15, odontologo=Odontologo(id=1, nombre=null, apellido=null, matricula=null, turnos=[]), paciente=Paciente(id=1, nombre=null, apellido=null, dni=null, fechaIngreso=null, domicilio=null, turnos=[]))
[2023-03-30 03:16:24] [ INFO ] [OdontologoService:22] Guardando Odontologo.
[2023-03-30 03:16:24] [ INFO ] [OdontologoService:24] Odontologo guardado con éxito Odontologo(id=1, nombre=Oscar, apellido=Gomez, matricula=452145, turnos=[])
[2023-03-30 03:16:28] [ INFO ] [TurnoService:31] Turno guardado con éxito Turno(id=1, fechaAltaTurno=2023-03-30, fechaDeTurno=2023-04-09, horaDeTurno=14:15, odontologo=Odontologo(id=1, nombre=null, apellido=null, matricula=null, turnos=[]), paciente=Paciente(id=1, nombre=null, apellido=null, dni=null, fechaIngreso=null, domicilio=null, turnos=[]))
[2023-03-30 03:20:48] [ INFO ] [OdontologoService:22] Guardando Odontologo.
[2023-03-30 03:20:48] [ INFO ] [OdontologoService:24] Odontologo guardado con éxito Odontologo(id=1, nombre=Oscar, apellido=Gomez, matricula=452145, turnos=[])
[2023-03-30 03:20:51] [ INFO ] [TurnoService:31] Turno guardado con éxito Turno(id=1, fechaAltaTurno=2023-03-30, fechaDeTurno=2023-04-09, horaDeTurno=14:15, odontologo=Odontologo(id=1, nombre=null, apellido=null, matricula=null, turnos=[]), paciente=Paciente(id=1, nombre=null, apellido=null, dni=null, fechaIngreso=null, domicilio=null, turnos=[]))
[2023-03-30 03:22:22] [ INFO ] [OdontologoService:22] Guardando Odontologo.
[2023-03-30 03:22:22] [ INFO ] [OdontologoService:24] Odontologo guardado con éxito Odontologo(id=1, nombre=Oscar, apellido=Gomez, matricula=452145, turnos=[])
[2023-03-30 03:22:25] [ INFO ] [TurnoService:31] Turno guardado con éxito Turno(id=1, fechaAltaTurno=2023-03-30, fechaDeTurno=2023-04-09, horaDeTurno=14:15, odontologo=Odontologo(id=1, nombre=null, apellido=null, matricula=null, turnos=[]), paciente=Paciente(id=1, nombre=null, apellido=null, dni=null, fechaIngreso=null, domicilio=null, turnos=[]))
[2023-03-30 03:24:30] [ INFO ] [OdontologoService:22] Guardando Odontologo.
[2023-03-30 03:24:30] [ INFO ] [OdontologoService:24] Odontologo guardado con éxito Odontologo(id=1, nombre=Oscar, apellido=Gomez, matricula=452145, turnos=[])
[2023-03-30 03:24:38] [ INFO ] [TurnoService:31] Turno guardado con éxito Turno(id=1, fechaAltaTurno=2023-03-30, fechaDeTurno=2023-04-09, horaDeTurno=14:15, odontologo=Odontologo(id=1, nombre=null, apellido=null, matricula=null, turnos=[]), paciente=Paciente(id=1, nombre=null, apellido=null, dni=null, fechaIngreso=null, domicilio=null, turnos=[]))
[2023-03-30 03:30:34] [ INFO ] [OdontologoService:22] Guardando Odontologo.
[2023-03-30 03:30:34] [ INFO ] [OdontologoService:24] Odontologo guardado con éxito Odontologo(id=1, nombre=Oscar, apellido=Gomez, matricula=452145, turnos=[])
[2023-03-30 03:30:38] [ INFO ] [TurnoService:31] Turno guardado con éxito Turno(id=1, fechaAltaTurno=2023-03-30, fechaDeTurno=2023-04-09, horaDeTurno=14:15, odontologo=Odontologo(id=1, nombre=null, apellido=null, matricula=null, turnos=[]), paciente=Paciente(id=1, nombre=null, apellido=null, dni=null, fechaIngreso=null, domicilio=null, turnos=[]))
[2023-03-30 03:31:25] [ INFO ] [OdontologoService:22] Guardando Odontologo.
[2023-03-30 03:31:25] [ INFO ] [OdontologoService:24] Odontologo guardado con éxito Odontologo(id=1, nombre=Oscar, apellido=Gomez, matricula=452145, turnos=[])
[2023-03-30 03:31:29] [ INFO ] [TurnoService:31] Turno guardado con éxito Turno(id=1, fechaAltaTurno=2023-03-30, fechaDeTurno=2023-04-09, horaDeTurno=14:15, odontologo=Odontologo(id=1, nombre=null, apellido=null, matricula=null, turnos=[]), paciente=Paciente(id=1, nombre=null, apellido=null, dni=null, fechaIngreso=null, domicilio=null, turnos=[]))
[2023-03-30 03:37:14] [ INFO ] [OdontologoService:22] Guardando Odontologo.
[2023-03-30 03:37:14] [ INFO ] [OdontologoService:24] Odontologo guardado con éxito Odontologo(id=1, nombre=Oscar, apellido=Gomez, matricula=452145, turnos=[])
[2023-03-30 03:37:17] [ INFO ] [TurnoService:31] Turno guardado con éxito Turno(id=1, fechaAltaTurno=2023-03-30, fechaDeTurno=2023-04-09, horaDeTurno=14:15, odontologo=Odontologo(id=1, nombre=null, apellido=null, matricula=null, turnos=[]), paciente=Paciente(id=1, nombre=null, apellido=null, dni=null, fechaIngreso=null, domicilio=null, turnos=[]))
[2023-03-30 03:40:55] [ ERROR] [TurnoService:33] Se produjo un error
[2023-03-30 03:41:26] [ ERROR] [TurnoService:33] Se produjo un error
[2023-03-30 03:41:40] [ INFO ] [OdontologoService:22] Guardando Odontologo.
[2023-03-30 03:41:40] [ INFO ] [OdontologoService:24] Odontologo guardado con éxito Odontologo(id=1, nombre=Oscar, apellido=Gomez, matricula=452145, turnos=[])
[2023-03-30 03:41:44] [ INFO ] [TurnoService:31] Turno guardado con éxito Turno(id=1, fechaAltaTurno=2023-03-30, fechaDeTurno=2023-04-09, horaDeTurno=14:15, odontologo=Odontologo(id=1, nombre=null, apellido=null, matricula=null, turnos=[]), paciente=Paciente(id=1, nombre=null, apellido=null, dni=null, fechaIngreso=null, domicilio=null, turnos=[]))
[2023-03-30 03:42:17] [ INFO ] [TurnoService:43] Turno ID 1 eliminado con éxito.
[2023-03-30 03:51:21] [ INFO ] [OdontologoService:22] Guardando Odontologo.
[2023-03-30 03:51:21] [ INFO ] [OdontologoService:24] Odontologo guardado con éxito Odontologo(id=1, nombre=Oscar, apellido=Gomez, matricula=452145, turnos=[])
[2023-03-30 03:51:25] [ INFO ] [TurnoService:31] Turno guardado con éxito Turno(id=1, fechaAltaTurno=2023-03-30, fechaDeTurno=2023-04-09, horaDeTurno=14:15, odontologo=Odontologo(id=1, nombre=null, apellido=null, matricula=null, turnos=[]), paciente=Paciente(id=1, nombre=null, apellido=null, dni=null, fechaIngreso=null, domicilio=null, turnos=[]))
[2023-03-30 03:59:36] [ INFO ] [OdontologoService:22] Guardando Odontologo.
[2023-03-30 03:59:36] [ INFO ] [OdontologoService:24] Odontologo guardado con éxito Odontologo(id=1, nombre=Oscar, apellido=Gomez, matricula=452145, turnos=[])
[2023-03-30 03:59:41] [ INFO ] [TurnoService:31] Turno guardado con éxito Turno(id=1, fechaAltaTurno=2023-03-30, fechaDeTurno=2023-04-09, horaDeTurno=14:15, odontologo=Odontologo(id=1, nombre=null, apellido=null, matricula=null, turnos=[]), paciente=Paciente(id=1, nombre=null, apellido=null, dni=null, fechaIngreso=null, domicilio=null, turnos=[]))
[2023-03-30 04:00:04] [ INFO ] [TurnoService:31] Turno guardado con éxito Turno(id=2, fechaAltaTurno=2023-03-30, fechaDeTurno=2023-04-09, horaDeTurno=14:15, odontologo=Odontologo(id=1, nombre=null, apellido=null, matricula=null, turnos=[]), paciente=Paciente(id=1, nombre=null, apellido=null, dni=null, fechaIngreso=null, domicilio=null, turnos=[]))
[2023-03-30 04:00:42] [ INFO ] [OdontologoService:22] Guardando Odontologo.
[2023-03-30 04:00:42] [ INFO ] [OdontologoService:24] Odontologo guardado con éxito Odontologo(id=1, nombre=Oscar, apellido=Gomez, matricula=452145, turnos=[])
[2023-03-30 04:00:48] [ INFO ] [TurnoService:31] Turno guardado con éxito Turno(id=1, fechaAltaTurno=2023-03-30, fechaDeTurno=2023-04-09, horaDeTurno=14:15, odontologo=Odontologo(id=1, nombre=null, apellido=null, matricula=null, turnos=[]), paciente=Paciente(id=1, nombre=null, apellido=null, dni=null, fechaIngreso=null, domicilio=null, turnos=[]))
[2023-03-30 04:01:13] [ INFO ] [OdontologoService:22] Guardando Odontologo.
[2023-03-30 04:01:13] [ INFO ] [OdontologoService:24] Odontologo guardado con éxito Odontologo(id=1, nombre=Oscar, apellido=Gomez, matricula=452145, turnos=[])
[2023-03-30 04:01:17] [ INFO ] [TurnoService:31] Turno guardado con éxito Turno(id=1, fechaAltaTurno=2023-03-30, fechaDeTurno=2023-04-09, horaDeTurno=14:15, odontologo=Odontologo(id=1, nombre=null, apellido=null, matricula=null, turnos=[]), paciente=Paciente(id=1, nombre=null, apellido=null, dni=null, fechaIngreso=null, domicilio=null, turnos=[]))
[2023-03-30 04:01:53] [ INFO ] [OdontologoService:22] Guardando Odontologo.
[2023-03-30 04:01:53] [ INFO ] [OdontologoService:24] Odontologo guardado con éxito Odontologo(id=1, nombre=Oscar, apellido=Gomez, matricula=452145, turnos=[])
[2023-03-30 04:01:58] [ INFO ] [TurnoService:31] Turno guardado con éxito Turno(id=1, fechaAltaTurno=2023-03-30, fechaDeTurno=2023-04-09, horaDeTurno=14:15, odontologo=Odontologo(id=1, nombre=null, apellido=null, matricula=null, turnos=[]), paciente=Paciente(id=1, nombre=null, apellido=null, dni=null, fechaIngreso=null, domicilio=null, turnos=[]))
